1564213280401	geckodriver	INFO	geckodriver 0.19.1
1564213280490	geckodriver	INFO	Listening on 127.0.0.1:53158
1564213284012	mozrunner::runner	INFO	Running command: "D:\\Program Files\\Mozilla Firefox\\firefox.exe" "-marionette" "-profile" "C:\\Users\\v-xug\\AppData\\Local\\Temp\\rust_mozprofile.vie5E9aiZdlF"
Unable to read VR Path Registry from C:\Users\v-xug\AppData\Local\openvr\openvrpaths.vrpath
Unable to read VR Path Registry from C:\Users\v-xug\AppData\Local\openvr\openvrpaths.vrpath
Unable to read VR Path Registry from C:\Users\v-xug\AppData\Local\openvr\openvrpaths.vrpath
Unable to read VR Path Registry from C:\Users\v-xug\AppData\Local\openvr\openvrpaths.vrpath
Unable to read VR Path Registry from C:\Users\v-xug\AppData\Local\openvr\openvrpaths.vrpath
JavaScript error: resource:///modules/SavantShieldStudy.jsm, line 171: TypeError: this.addonListener is undefined
[Parent 4056, Gecko_IOThread] WARNING: pipe error: 109: file z:/build/build/src/ipc/chromium/src/chrome/common/ipc_channel_win.cc, line 346
[Child 15092, Chrome_ChildThread] WARNING: pipe error: 109: file z:/build/build/src/ipc/chromium/src/chrome/common/ipc_channel_win.cc, line 346
[Child 1509*** UTM:SVC TimerManager:registerTimer called after profile-before-change notification. Ignoring timer registration for id: telemetry_modules_ping
[GPU 14544, C
###!!! [Child][MessageChannel::SendAndWait] Error: Channel error: cannot send/recv

1564215119936	geckodriver	INFO	geckodriver 0.19.1
1564215119950	geckodriver	INFO	Listening on 127.0.0.1:54450
1564215123183	mozrunner::runner	INFO	Running command: "D:\\Program Files\\Mozilla Firefox\\firefox.exe" "-marionette" "-profile" "C:\\Users\\v-xug\\AppData\\Local\\Temp\\rust_mozprofile.vjqdHWjCvNEv"
Unable to read VR Path Registry from C:\Users\v-xug\AppData\Local\openvr\openvrpaths.vrpath
Unable to read VR Path Registry from C:\Users\v-xug\AppData\Local\openvr\openvrpaths.vrpath
Unable to read VR Path Registry from C:\Users\v-xug\AppData\Local\openvr\openvrpaths.vrpath
Unable to read VR Path Registry from C:\Users\v-xug\AppData\Local\openvr\openvrpaths.vrpath
Unable to read VR Path Registry from C:\Users\v-xug\AppData\Local\openvr\openvrpaths.vrpath
1564215127909	Marionette	INFO	Listening on port 54459
1564215128943	addons.xpi	WARN	Exception running bootstrap method shutdown on activity-stream@mozilla.org: [Exception... "Component returned failure code: 0x80004005 (NS_ERROR_FAILURE) [nsIObserverService.removeObserver]"  nsresult: "0x80004005 (NS_ERROR_FAILURE)"  location: "JS frame :: resource://activity-stream/lib/TelemetryFeed.jsm :: uninit :: line 493"  data: no] Stack trace: uninit()@resource://activity-stream/lib/TelemetryFeed.jsm:493
onAction()@resource://activity-stream/lib/TelemetryFeed.jsm:451
_middleware/</<()@resource://activity-stream/lib/Store.jsm:51
Store/this[method]()@resource://activity-stream/lib/Store.jsm:29
uninit()@resource://activity-stream/lib/Store.jsm:166
uninit()@resource://activity-stream/lib/ActivityStream.jsm:318
uninit()@resource://gre/modules/addons/XPIProvider.jsm -> jar:file:///D:/Program%20Files/Mozilla%20Firefox/browser/features/activity-stream@mozilla.org.xpi!/bootstrap.js:79
shutdown()@resource://gre/modules/addons/XPIProvider.jsm -> jar:file:///D:/Program%20Files/Mozilla%20Firefox/browser/features/activity-stream@mozilla.org.xpi!/bootstrap.js:187
callBootstrapMethod()@resource://gre/modules/addons/XPIProvider.jsm:2757
observe()@resource://gre/modules/addons/XPIProvider.jsm:1672
1564215129041	Marionette	WARN	TLS certificate errors will be ignored for this session
[Parent 15308, Gecko_IOThread] WARNING: pipe error: 109: file z:/build/build/src/ipc/chromium/src/chrome/common/ipc_channel_win.cc, line 346
[Parent 15308, Gecko_IOThread] WARNING: pipe error: 109: file z:/build/build/src/ipc/chromium/src/chrome/common/ipc_channel_win.cc, line 346
JavaScript error: resource:///modules/SavantShieldStudy.jsm, line 171: TypeError: this.addonListener is undefined
[Child 14360, Chrome_ChildThread] WARNING: pipe error: 109: file z:/build/build/src/ipc/chromium/src/chrome/common/ipc_channel_win.cc, line 346
[Child 14360, Chrom1564217014583	geckodriver	INFO	geckodriver 0.19.1
1564217014597	geckodriver	INFO	Listening on 127.0.0.1:55809
1564217017749	mozrunner::runner	INFO	Running command: "D:\\Program Files\\Mozilla Firefox\\firefox.exe" "-marionette" "-profile" "C:\\Users\\v-xug\\AppData\\Local\\Temp\\rust_mozprofile.bKOGI8zU60v4"
Unable to read VR Path Registry from C:\Users\v-xug\AppData\Local\openvr\openvrpaths.vrpath
Unable to read VR Path Registry from C:\Users\v-xug\AppData\Local\openvr\openvrpaths.vrpath
Unable to read VR Path Registry from C:\Users\v-xug\AppData\Local\openvr\openvrpaths.vrpath
Unable to read VR Path Registry from C:\Users\v-xug\AppData\Local\openvr\openvrpaths.vrpath
Unable to read VR Path Registry from C:\Users\v-xug\AppData\Local\openvr\openvrpaths.vrpath
1564217021444	Marionette	INFO	Listening on port 55820
1564217022569	addons.xpi	WARN	Exception running bootstrap method shutdown on activity-stream@mozilla.org: [Exception... "Component returned failure code: 0x80004005 (NS_ERROR_FAILURE) [nsIObserverService.removeObserver]"  nsresult: "0x80004005 (NS_ERROR_FAILURE)"  location: "JS frame :: resource://activity-stream/lib/TelemetryFeed.jsm :: uninit :: line 493"  data: no] Stack trace: uninit()@resource://activity-stream/lib/TelemetryFeed.jsm:493
onAction()@resource://activity-stream/lib/TelemetryFeed.jsm:451
_middleware/</<()@resource://activity-stream/lib/Store.jsm:51
Store/this[method]()@resource://activity-stream/lib/Store.jsm:29
uninit()@resource://activity-stream/lib/Store.jsm:166
uninit()@resource://activity-stream/lib/ActivityStream.jsm:318
uninit()@resource://gre/modules/addons/XPIProvider.jsm -> jar:file:///D:/Program%20Files/Mozilla%20Firefox/browser/features/activity-stream@mozilla.org.xpi!/bootstrap.js:79
shutdown()@resource://gre/modules/addons/XPIProvider.jsm -> jar:file:///D:/Program%20Files/Mozilla%20Firefox/browser/features/activity-stream@mozilla.org.xpi!/bootstrap.js:187
callBootstrapMethod()@resource://gre/modules/addons/XPIProvider.jsm:2757
observe()@resource://gre/modules/addons/XPIProvider.jsm:1672
[Parent 11720, Gecko_IOThread] WARNING: pipe error: 109: file z:/build/build/src/ipc/chromium/src/chrome/common/ipc_channel_win.cc, line 346
[Parent 11720, Gecko_IOThread] WARNING: pipe error: 109: file z:/build/build/src/ipc/chromium/src/chrome/common/ipc_channel_win.cc, line 346
[Child 3716, Chrome_ChildThread] WARNING: pipe error: 109: file z:/build/build/src/ipc/chromium/src/chrome/common/ipc_channel_win.cc, line 346
[Child 14964, C[Childh r3ome_ChildThread] WARNING: pipe error: 109: file z:/build/build/src/ipc/chromium/src/chrome/common/ipc_channel_win.cc, line 346
[Child [Parent 11720, Gecko_IOThread] WARNING: pipe error: 109: file z:/build/build/src/ipc/chromium/src/chrome/common/ipc_channel_win.cc, line 346
JavaScript error: resource://gre/modules/JSONFile.jsm, line 159: Error: Data is not ready.

###!!! [Parent][DispatchAsyncMessage] Error: PBackgroundIDBFactory::Msg_PBackgroundIDBFactoryRequestConstructor Value error: message was deserialized, but contained an illegal value


###!!! [Parent][DispatchAsyncMessage] Error: PBackgroundIDBFactory::Msg_PBackgroundIDBFactoryRequestConstructor Value error: message was deserialized, but contained an illegal value

*** UTM:SVC TimerManager:registerTimer called after profile-before-change notification. Ignoring timer registration for id: telemetry_modules_ping
[GPU 3684, 
###!!! [Child][MessageChannel::SendAndWait] Error: Channel error: cannot send/recv

